<html><body><h1>Test Execution Summary - 11-Aug-2019 19:06:32</h1>sampleTest0(Junit.Junit_Test_Report_Sample1) success!<br/>sampleTest1(Junit.Junit_Test_Report_Sample1) AssertionError<br/>sampleTest2(Junit.Junit_Test_Report_Sample1) success!<br/>sampleTest4(Junit.Junit_Test_Report_Sample1) AssertionError<br/></body></html><html><body><h1>Test Execution Summary - 14-Sep-2019 22:08:01</h1>Test(Junit.JunitAnnotationExample) MultipleFailureException<br/>nextTest(Junit.JunitAnnotationExample) MultipleFailureException<br/></body></html><html><body><h1>Test Execution Summary - 14-Sep-2019 22:09:53</h1>Test(Junit.JunitAnnotationExample) success!<br/>nextTest(Junit.JunitAnnotationExample) success!<br/></body></html><html><body><h1>Test Execution Summary - 14-Sep-2019 22:17:24</h1>Test(Junit.JunitAnnotationExample) success!<br/>nextTest(Junit.JunitAnnotationExample) success!<br/></body></html><html><body><h1>Test Execution Summary - 14-Sep-2019 22:19:39</h1>Test(Junit.JunitAnnotationExample) success!<br/>nextTest(Junit.JunitAnnotationExample) success!<br/></body></html>