<?xml version="1.0" encoding="UTF-8"?>
<!-- Generated by org.testng.reporters.JUnitXMLReporter -->
<testsuite hostname="INFPW06374" ignored="0" name="test1" tests="5" failures="0" timestamp="09 Apr 2019 13:57:57 GMT" time="12.557" errors="0">
  <testcase name="verifyHomepageTitle" time="12.511" classname="TestNG.NewTest"/>
  <testcase name="insert" time="0.002" classname="TestNG.DependsOnMethods"/>
  <testcase name="select" time="0.002" classname="TestNG.DependsOnMethods"/>
  <testcase name="update" time="0.003" classname="TestNG.DependsOnMethods"/>
  <testcase name="delete" time="0.001" classname="TestNG.DependsOnMethods"/>
</testsuite> <!-- test1 -->
